-------------------------------------------------------------------------------
Test set: TestSuite
-------------------------------------------------------------------------------
Tests run: 1, Failures: 1, Errors: 0, Skipped: 0, Time elapsed: 19.511 s <<< FAILURE! - in TestSuite
loginTest(com.inetBanking.testCases.TC_LoginTest_001)  Time elapsed: 5.761 s  <<< FAILURE!
java.lang.AssertionError: expected [true] but found [false]
	at com.inetBanking.testCases.TC_LoginTest_001.loginTest(TC_LoginTest_001.java:34)

